[0.054s] Invoking command in '/home/aimane/vnav/ros_lerning_path_ws/build/learning_tf2_cpp': CMAKE_PREFIX_PATH=${CMAKE_PREFIX_PATH}:/opt/ros/humble /usr/bin/cmake --build /home/aimane/vnav/ros_lerning_path_ws/build/learning_tf2_cpp -- -j3 -l3
[0.176s] [100%] Built target turtle_tf2_broadcaster
[0.197s] Invoked command in '/home/aimane/vnav/ros_lerning_path_ws/build/learning_tf2_cpp' returned '0': CMAKE_PREFIX_PATH=${CMAKE_PREFIX_PATH}:/opt/ros/humble /usr/bin/cmake --build /home/aimane/vnav/ros_lerning_path_ws/build/learning_tf2_cpp -- -j3 -l3
[0.219s] Invoking command in '/home/aimane/vnav/ros_lerning_path_ws/build/learning_tf2_cpp': CMAKE_PREFIX_PATH=${CMAKE_PREFIX_PATH}:/opt/ros/humble /usr/bin/cmake --install /home/aimane/vnav/ros_lerning_path_ws/build/learning_tf2_cpp
[0.231s] -- Install configuration: ""
[0.231s] -- Up-to-date: /home/aimane/vnav/ros_lerning_path_ws/install/learning_tf2_cpp/share/learning_tf2_cpp/launch
[0.231s] -- Installing: /home/aimane/vnav/ros_lerning_path_ws/install/learning_tf2_cpp/share/learning_tf2_cpp/launch/turtle_tf2_demo.launch.py
[0.231s] -- Up-to-date: /home/aimane/vnav/ros_lerning_path_ws/install/learning_tf2_cpp/lib/learning_tf2_cpp/turtle_tf2_broadcaster
[0.231s] -- Up-to-date: /home/aimane/vnav/ros_lerning_path_ws/install/learning_tf2_cpp/share/ament_index/resource_index/package_run_dependencies/learning_tf2_cpp
[0.231s] -- Up-to-date: /home/aimane/vnav/ros_lerning_path_ws/install/learning_tf2_cpp/share/ament_index/resource_index/parent_prefix_path/learning_tf2_cpp
[0.231s] -- Up-to-date: /home/aimane/vnav/ros_lerning_path_ws/install/learning_tf2_cpp/share/learning_tf2_cpp/environment/ament_prefix_path.sh
[0.231s] -- Up-to-date: /home/aimane/vnav/ros_lerning_path_ws/install/learning_tf2_cpp/share/learning_tf2_cpp/environment/ament_prefix_path.dsv
[0.231s] -- Up-to-date: /home/aimane/vnav/ros_lerning_path_ws/install/learning_tf2_cpp/share/learning_tf2_cpp/environment/path.sh
[0.231s] -- Up-to-date: /home/aimane/vnav/ros_lerning_path_ws/install/learning_tf2_cpp/share/learning_tf2_cpp/environment/path.dsv
[0.232s] -- Up-to-date: /home/aimane/vnav/ros_lerning_path_ws/install/learning_tf2_cpp/share/learning_tf2_cpp/local_setup.bash
[0.232s] -- Up-to-date: /home/aimane/vnav/ros_lerning_path_ws/install/learning_tf2_cpp/share/learning_tf2_cpp/local_setup.sh
[0.232s] -- Up-to-date: /home/aimane/vnav/ros_lerning_path_ws/install/learning_tf2_cpp/share/learning_tf2_cpp/local_setup.zsh
[0.232s] -- Up-to-date: /home/aimane/vnav/ros_lerning_path_ws/install/learning_tf2_cpp/share/learning_tf2_cpp/local_setup.dsv
[0.232s] -- Installing: /home/aimane/vnav/ros_lerning_path_ws/install/learning_tf2_cpp/share/learning_tf2_cpp/package.dsv
[0.232s] -- Up-to-date: /home/aimane/vnav/ros_lerning_path_ws/install/learning_tf2_cpp/share/ament_index/resource_index/packages/learning_tf2_cpp
[0.232s] -- Up-to-date: /home/aimane/vnav/ros_lerning_path_ws/install/learning_tf2_cpp/share/learning_tf2_cpp/cmake/learning_tf2_cppConfig.cmake
[0.232s] -- Up-to-date: /home/aimane/vnav/ros_lerning_path_ws/install/learning_tf2_cpp/share/learning_tf2_cpp/cmake/learning_tf2_cppConfig-version.cmake
[0.232s] -- Up-to-date: /home/aimane/vnav/ros_lerning_path_ws/install/learning_tf2_cpp/share/learning_tf2_cpp/package.xml
[0.241s] Invoked command in '/home/aimane/vnav/ros_lerning_path_ws/build/learning_tf2_cpp' returned '0': CMAKE_PREFIX_PATH=${CMAKE_PREFIX_PATH}:/opt/ros/humble /usr/bin/cmake --install /home/aimane/vnav/ros_lerning_path_ws/build/learning_tf2_cpp
