[0.049s] Invoking command in '/home/aimane/vnav/ros_lerning_path_ws/build/learning_tf2_cpp': CMAKE_PREFIX_PATH=/opt/ros/humble /usr/bin/cmake /home/aimane/vnav/ros_lerning_path_ws/src/learning_tf2_cpp -DCMAKE_INSTALL_PREFIX=/home/aimane/vnav/ros_lerning_path_ws/install/learning_tf2_cpp
[0.951s] -- The C compiler identification is GNU 11.4.0
[1.550s] -- The CXX compiler identification is GNU 11.4.0
[1.608s] -- Detecting C compiler ABI info
[1.819s] -- Detecting C compiler ABI info - done
[1.830s] -- Check for working C compiler: /usr/bin/cc - skipped
[1.831s] -- Detecting C compile features
[1.834s] -- Detecting C compile features - done
[1.843s] -- Detecting CXX compiler ABI info
[2.030s] -- Detecting CXX compiler ABI info - done
[2.041s] -- Check for working CXX compiler: /usr/bin/c++ - skipped
[2.041s] -- Detecting CXX compile features
[2.042s] -- Detecting CXX compile features - done
[2.064s] -- Found ament_cmake: 1.3.12 (/opt/ros/humble/share/ament_cmake/cmake)
[2.393s] -- Found Python3: /usr/bin/python3 (found version "3.10.12") found components: Interpreter 
[2.702s] -- Found geometry_msgs: 4.9.0 (/opt/ros/humble/share/geometry_msgs/cmake)
[2.942s] -- Found rosidl_generator_c: 3.1.7 (/opt/ros/humble/share/rosidl_generator_c/cmake)
[2.978s] -- Found rosidl_adapter: 3.1.7 (/opt/ros/humble/share/rosidl_adapter/cmake)
[3.017s] -- Found rosidl_generator_cpp: 3.1.7 (/opt/ros/humble/share/rosidl_generator_cpp/cmake)
[3.068s] -- Using all available rosidl_typesupport_c: rosidl_typesupport_fastrtps_c;rosidl_typesupport_introspection_c
[3.131s] -- Using all available rosidl_typesupport_cpp: rosidl_typesupport_fastrtps_cpp;rosidl_typesupport_introspection_cpp
[3.321s] -- Found rclcpp: 16.0.14 (/opt/ros/humble/share/rclcpp/cmake)
[3.546s] -- Found rmw_implementation_cmake: 6.1.2 (/opt/ros/humble/share/rmw_implementation_cmake/cmake)
[3.567s] -- Found rmw_fastrtps_cpp: 6.2.8 (/opt/ros/humble/share/rmw_fastrtps_cpp/cmake)
[3.920s] -- Found OpenSSL: /usr/lib/x86_64-linux-gnu/libcrypto.so (found version "3.0.2")  
[3.967s] -- Found FastRTPS: /opt/ros/humble/include  
[4.041s] -- Using RMW implementation 'rmw_fastrtps_cpp' as default
[4.101s] -- Looking for pthread.h
[4.423s] -- Looking for pthread.h - found
[4.423s] -- Performing Test CMAKE_HAVE_LIBC_PTHREAD
[4.597s] -- Performing Test CMAKE_HAVE_LIBC_PTHREAD - Success
[4.599s] -- Found Threads: TRUE  
[4.794s] -- Found tf2: 0.25.16 (/opt/ros/humble/share/tf2/cmake)
[4.841s] -- Found tf2_ros: 0.25.16 (/opt/ros/humble/share/tf2_ros/cmake)
[5.242s] -- Found turtlesim: 1.4.2 (/opt/ros/humble/share/turtlesim/cmake)
[5.298s] -- Found ament_lint_auto: 0.12.14 (/opt/ros/humble/share/ament_lint_auto/cmake)
[5.463s] -- Added test 'cppcheck' to perform static code analysis on C / C++ code
[5.463s] -- Configured cppcheck include dirs: 
[5.464s] -- Configured cppcheck exclude dirs and/or files: 
[5.467s] -- Added test 'lint_cmake' to check CMake code style
[5.470s] -- Added test 'uncrustify' to check C / C++ code style
[5.471s] -- Configured uncrustify additional arguments: 
[5.474s] -- Added test 'xmllint' to check XML markup files
[5.479s] -- Configuring done
[5.483s] -- Generating done
[5.487s] -- Build files have been written to: /home/aimane/vnav/ros_lerning_path_ws/build/learning_tf2_cpp
[5.504s] Invoked command in '/home/aimane/vnav/ros_lerning_path_ws/build/learning_tf2_cpp' returned '0': CMAKE_PREFIX_PATH=/opt/ros/humble /usr/bin/cmake /home/aimane/vnav/ros_lerning_path_ws/src/learning_tf2_cpp -DCMAKE_INSTALL_PREFIX=/home/aimane/vnav/ros_lerning_path_ws/install/learning_tf2_cpp
[5.506s] Invoking command in '/home/aimane/vnav/ros_lerning_path_ws/build/learning_tf2_cpp': CMAKE_PREFIX_PATH=/opt/ros/humble /usr/bin/cmake --build /home/aimane/vnav/ros_lerning_path_ws/build/learning_tf2_cpp -- -j3 -l3
[5.579s] Invoked command in '/home/aimane/vnav/ros_lerning_path_ws/build/learning_tf2_cpp' returned '0': CMAKE_PREFIX_PATH=/opt/ros/humble /usr/bin/cmake --build /home/aimane/vnav/ros_lerning_path_ws/build/learning_tf2_cpp -- -j3 -l3
[5.595s] Invoking command in '/home/aimane/vnav/ros_lerning_path_ws/build/learning_tf2_cpp': CMAKE_PREFIX_PATH=/opt/ros/humble /usr/bin/cmake --install /home/aimane/vnav/ros_lerning_path_ws/build/learning_tf2_cpp
[5.615s] -- Install configuration: ""
[5.615s] -- Installing: /home/aimane/vnav/ros_lerning_path_ws/install/learning_tf2_cpp/share/ament_index/resource_index/package_run_dependencies/learning_tf2_cpp
[5.615s] -- Installing: /home/aimane/vnav/ros_lerning_path_ws/install/learning_tf2_cpp/share/ament_index/resource_index/parent_prefix_path/learning_tf2_cpp
[5.615s] -- Installing: /home/aimane/vnav/ros_lerning_path_ws/install/learning_tf2_cpp/share/learning_tf2_cpp/environment/ament_prefix_path.sh
[5.615s] -- Installing: /home/aimane/vnav/ros_lerning_path_ws/install/learning_tf2_cpp/share/learning_tf2_cpp/environment/ament_prefix_path.dsv
[5.616s] -- Installing: /home/aimane/vnav/ros_lerning_path_ws/install/learning_tf2_cpp/share/learning_tf2_cpp/environment/path.sh
[5.616s] -- Installing: /home/aimane/vnav/ros_lerning_path_ws/install/learning_tf2_cpp/share/learning_tf2_cpp/environment/path.dsv
[5.616s] -- Installing: /home/aimane/vnav/ros_lerning_path_ws/install/learning_tf2_cpp/share/learning_tf2_cpp/local_setup.bash
[5.616s] -- Installing: /home/aimane/vnav/ros_lerning_path_ws/install/learning_tf2_cpp/share/learning_tf2_cpp/local_setup.sh
[5.616s] -- Installing: /home/aimane/vnav/ros_lerning_path_ws/install/learning_tf2_cpp/share/learning_tf2_cpp/local_setup.zsh
[5.616s] -- Installing: /home/aimane/vnav/ros_lerning_path_ws/install/learning_tf2_cpp/share/learning_tf2_cpp/local_setup.dsv
[5.616s] -- Installing: /home/aimane/vnav/ros_lerning_path_ws/install/learning_tf2_cpp/share/learning_tf2_cpp/package.dsv
[5.616s] -- Installing: /home/aimane/vnav/ros_lerning_path_ws/install/learning_tf2_cpp/share/ament_index/resource_index/packages/learning_tf2_cpp
[5.616s] -- Installing: /home/aimane/vnav/ros_lerning_path_ws/install/learning_tf2_cpp/share/learning_tf2_cpp/cmake/learning_tf2_cppConfig.cmake
[5.616s] -- Installing: /home/aimane/vnav/ros_lerning_path_ws/install/learning_tf2_cpp/share/learning_tf2_cpp/cmake/learning_tf2_cppConfig-version.cmake
[5.616s] -- Installing: /home/aimane/vnav/ros_lerning_path_ws/install/learning_tf2_cpp/share/learning_tf2_cpp/package.xml
[5.617s] Invoked command in '/home/aimane/vnav/ros_lerning_path_ws/build/learning_tf2_cpp' returned '0': CMAKE_PREFIX_PATH=/opt/ros/humble /usr/bin/cmake --install /home/aimane/vnav/ros_lerning_path_ws/build/learning_tf2_cpp
