[0.158s] DEBUG:colcon:Command line arguments: ['/usr/bin/colcon', 'build', '--symlink-install']
[0.158s] DEBUG:colcon:Parsed command line arguments: Namespace(log_base=None, log_level=None, verb_name='build', build_base='build', install_base='install', merge_install=False, symlink_install=True, test_result_base=None, continue_on_error=False, executor='parallel', parallel_workers=3, event_handlers=None, ignore_user_meta=False, metas=['./colcon.meta'], base_paths=['.'], packages_ignore=None, packages_ignore_regex=None, paths=None, packages_up_to=None, packages_up_to_regex=None, packages_above=None, packages_above_and_dependencies=None, packages_above_depth=None, packages_select_by_dep=None, packages_skip_by_dep=None, packages_skip_up_to=None, packages_select_build_failed=False, packages_skip_build_finished=False, packages_select_test_failures=False, packages_skip_test_passed=False, packages_select=None, packages_skip=None, packages_select_regex=None, packages_skip_regex=None, packages_start=None, packages_end=None, allow_overriding=[], cmake_args=None, cmake_target=None, cmake_target_skip_unavailable=False, cmake_clean_cache=False, cmake_clean_first=False, cmake_force_configure=False, ament_cmake_args=None, catkin_cmake_args=None, catkin_skip_building_tests=False, verb_parser=<colcon_defaults.argument_parser.defaults.DefaultArgumentsDecorator object at 0x7951410f8640>, verb_extension=<colcon_core.verb.build.BuildVerb object at 0x795141355e10>, main=<bound method BuildVerb.main of <colcon_core.verb.build.BuildVerb object at 0x795141355e10>>)
[0.365s] Level 1:colcon.colcon_core.package_discovery:discover_packages(colcon_meta) check parameters
[0.366s] Level 1:colcon.colcon_core.package_discovery:discover_packages(recursive) check parameters
[0.366s] Level 1:colcon.colcon_core.package_discovery:discover_packages(ignore) check parameters
[0.366s] Level 1:colcon.colcon_core.package_discovery:discover_packages(path) check parameters
[0.366s] Level 1:colcon.colcon_core.package_discovery:discover_packages(colcon_meta) discover
[0.366s] Level 1:colcon.colcon_core.package_discovery:discover_packages(recursive) discover
[0.366s] INFO:colcon.colcon_core.package_discovery:Crawling recursively for packages in '/home/aimane/vnav/vnav_ws/src'
[0.366s] Level 1:colcon.colcon_core.package_identification:_identify(.) by extensions ['ignore', 'ignore_ament_install']
[0.366s] Level 1:colcon.colcon_core.package_identification:_identify(.) by extension 'ignore'
[0.366s] Level 1:colcon.colcon_core.package_identification:_identify(.) by extension 'ignore_ament_install'
[0.366s] Level 1:colcon.colcon_core.package_identification:_identify(.) by extensions ['colcon_pkg']
[0.366s] Level 1:colcon.colcon_core.package_identification:_identify(.) by extension 'colcon_pkg'
[0.366s] Level 1:colcon.colcon_core.package_identification:_identify(.) by extensions ['colcon_meta']
[0.366s] Level 1:colcon.colcon_core.package_identification:_identify(.) by extension 'colcon_meta'
[0.366s] Level 1:colcon.colcon_core.package_identification:_identify(.) by extensions ['ros']
[0.366s] Level 1:colcon.colcon_core.package_identification:_identify(.) by extension 'ros'
[0.392s] Level 1:colcon.colcon_core.package_identification:_identify(.) by extensions ['cmake', 'python']
[0.392s] Level 1:colcon.colcon_core.package_identification:_identify(.) by extension 'cmake'
[0.392s] Level 1:colcon.colcon_core.package_identification:_identify(.) by extension 'python'
[0.392s] Level 1:colcon.colcon_core.package_identification:_identify(.) by extensions ['python_setup_py']
[0.392s] Level 1:colcon.colcon_core.package_identification:_identify(.) by extension 'python_setup_py'
[0.392s] Level 1:colcon.colcon_core.package_identification:_identify(build) by extensions ['ignore', 'ignore_ament_install']
[0.392s] Level 1:colcon.colcon_core.package_identification:_identify(build) by extension 'ignore'
[0.393s] Level 1:colcon.colcon_core.package_identification:_identify(build) ignored
[0.393s] Level 1:colcon.colcon_core.package_identification:_identify(install) by extensions ['ignore', 'ignore_ament_install']
[0.393s] Level 1:colcon.colcon_core.package_identification:_identify(install) by extension 'ignore'
[0.393s] Level 1:colcon.colcon_core.package_identification:_identify(install) ignored
[0.393s] Level 1:colcon.colcon_core.package_identification:_identify(log) by extensions ['ignore', 'ignore_ament_install']
[0.393s] Level 1:colcon.colcon_core.package_identification:_identify(log) by extension 'ignore'
[0.393s] Level 1:colcon.colcon_core.package_identification:_identify(log) ignored
[0.393s] Level 1:colcon.colcon_core.package_identification:_identify(two_drones_pkg) by extensions ['ignore', 'ignore_ament_install']
[0.393s] Level 1:colcon.colcon_core.package_identification:_identify(two_drones_pkg) by extension 'ignore'
[0.393s] Level 1:colcon.colcon_core.package_identification:_identify(two_drones_pkg) by extension 'ignore_ament_install'
[0.393s] Level 1:colcon.colcon_core.package_identification:_identify(two_drones_pkg) by extensions ['colcon_pkg']
[0.393s] Level 1:colcon.colcon_core.package_identification:_identify(two_drones_pkg) by extension 'colcon_pkg'
[0.394s] Level 1:colcon.colcon_core.package_identification:_identify(two_drones_pkg) by extensions ['colcon_meta']
[0.394s] Level 1:colcon.colcon_core.package_identification:_identify(two_drones_pkg) by extension 'colcon_meta'
[0.394s] Level 1:colcon.colcon_core.package_identification:_identify(two_drones_pkg) by extensions ['ros']
[0.394s] Level 1:colcon.colcon_core.package_identification:_identify(two_drones_pkg) by extension 'ros'
[0.403s] DEBUG:colcon.colcon_core.package_identification:Package 'two_drones_pkg' with type 'ros.ament_cmake' and name 'two_drones_pkg'
[0.403s] Level 1:colcon.colcon_core.package_discovery:discover_packages(recursive) using defaults
[0.403s] Level 1:colcon.colcon_core.package_discovery:discover_packages(ignore) discover
[0.403s] Level 1:colcon.colcon_core.package_discovery:discover_packages(ignore) using defaults
[0.403s] Level 1:colcon.colcon_core.package_discovery:discover_packages(path) discover
[0.403s] Level 1:colcon.colcon_core.package_discovery:discover_packages(path) using defaults
[0.424s] Level 1:colcon.colcon_core.package_discovery:discover_packages(prefix_path) check parameters
[0.424s] Level 1:colcon.colcon_core.package_discovery:discover_packages(prefix_path) discover
[0.426s] DEBUG:colcon.colcon_installed_package_information.package_discovery:Found 1 installed packages in /home/aimane/vnav/ros_lerning_path_ws/install
[0.427s] DEBUG:colcon.colcon_installed_package_information.package_discovery:Found 374 installed packages in /opt/ros/humble
[0.430s] Level 1:colcon.colcon_core.package_discovery:discover_packages(prefix_path) using defaults
[0.483s] Level 5:colcon.colcon_core.verb:set package 'two_drones_pkg' build argument 'cmake_args' from command line to 'None'
[0.483s] Level 5:colcon.colcon_core.verb:set package 'two_drones_pkg' build argument 'cmake_target' from command line to 'None'
[0.483s] Level 5:colcon.colcon_core.verb:set package 'two_drones_pkg' build argument 'cmake_target_skip_unavailable' from command line to 'False'
[0.483s] Level 5:colcon.colcon_core.verb:set package 'two_drones_pkg' build argument 'cmake_clean_cache' from command line to 'False'
[0.483s] Level 5:colcon.colcon_core.verb:set package 'two_drones_pkg' build argument 'cmake_clean_first' from command line to 'False'
[0.483s] Level 5:colcon.colcon_core.verb:set package 'two_drones_pkg' build argument 'cmake_force_configure' from command line to 'False'
[0.483s] Level 5:colcon.colcon_core.verb:set package 'two_drones_pkg' build argument 'ament_cmake_args' from command line to 'None'
[0.483s] Level 5:colcon.colcon_core.verb:set package 'two_drones_pkg' build argument 'catkin_cmake_args' from command line to 'None'
[0.483s] Level 5:colcon.colcon_core.verb:set package 'two_drones_pkg' build argument 'catkin_skip_building_tests' from command line to 'False'
[0.483s] DEBUG:colcon.colcon_core.verb:Building package 'two_drones_pkg' with the following arguments: {'ament_cmake_args': None, 'build_base': '/home/aimane/vnav/vnav_ws/src/build/two_drones_pkg', 'catkin_cmake_args': None, 'catkin_skip_building_tests': False, 'cmake_args': None, 'cmake_clean_cache': False, 'cmake_clean_first': False, 'cmake_force_configure': False, 'cmake_target': None, 'cmake_target_skip_unavailable': False, 'install_base': '/home/aimane/vnav/vnav_ws/src/install/two_drones_pkg', 'merge_install': False, 'path': '/home/aimane/vnav/vnav_ws/src/two_drones_pkg', 'symlink_install': True, 'test_result_base': None}
[0.483s] INFO:colcon.colcon_core.executor:Executing jobs using 'parallel' executor
[0.491s] DEBUG:colcon.colcon_parallel_executor.executor.parallel:run_until_complete
[0.492s] INFO:colcon.colcon_ros.task.ament_cmake.build:Building ROS package in '/home/aimane/vnav/vnav_ws/src/two_drones_pkg' with build type 'ament_cmake'
[0.492s] INFO:colcon.colcon_cmake.task.cmake.build:Building CMake package in '/home/aimane/vnav/vnav_ws/src/two_drones_pkg'
[0.494s] INFO:colcon.colcon_core.plugin_system:Skipping extension 'colcon_core.shell.bat': Not used on non-Windows systems
[0.494s] INFO:colcon.colcon_core.shell:Skip shell extension 'powershell' for command environment: Not usable outside of PowerShell
[0.494s] DEBUG:colcon.colcon_core.shell:Skip shell extension 'dsv' for command environment
[0.529s] DEBUG:colcon.colcon_core.event_handler.log_command:Invoking command in '/home/aimane/vnav/vnav_ws/src/build/two_drones_pkg': CMAKE_PREFIX_PATH=${CMAKE_PREFIX_PATH}:/opt/ros/humble /usr/bin/cmake /home/aimane/vnav/vnav_ws/src/two_drones_pkg -DAMENT_CMAKE_SYMLINK_INSTALL=1 -DCMAKE_INSTALL_PREFIX=/home/aimane/vnav/vnav_ws/src/install/two_drones_pkg
[3.004s] DEBUG:colcon.colcon_core.event_handler.log_command:Invoked command in '/home/aimane/vnav/vnav_ws/src/build/two_drones_pkg' returned '0': CMAKE_PREFIX_PATH=${CMAKE_PREFIX_PATH}:/opt/ros/humble /usr/bin/cmake /home/aimane/vnav/vnav_ws/src/two_drones_pkg -DAMENT_CMAKE_SYMLINK_INSTALL=1 -DCMAKE_INSTALL_PREFIX=/home/aimane/vnav/vnav_ws/src/install/two_drones_pkg
[3.005s] DEBUG:colcon.colcon_core.event_handler.log_command:Invoking command in '/home/aimane/vnav/vnav_ws/src/build/two_drones_pkg': CMAKE_PREFIX_PATH=${CMAKE_PREFIX_PATH}:/opt/ros/humble /usr/bin/cmake --build /home/aimane/vnav/vnav_ws/src/build/two_drones_pkg -- -j3 -l3
[12.498s] DEBUG:colcon.colcon_core.event_handler.log_command:Invoked command in '/home/aimane/vnav/vnav_ws/src/build/two_drones_pkg' returned '0': CMAKE_PREFIX_PATH=${CMAKE_PREFIX_PATH}:/opt/ros/humble /usr/bin/cmake --build /home/aimane/vnav/vnav_ws/src/build/two_drones_pkg -- -j3 -l3
[12.530s] DEBUG:colcon.colcon_core.event_handler.log_command:Invoking command in '/home/aimane/vnav/vnav_ws/src/build/two_drones_pkg': CMAKE_PREFIX_PATH=${CMAKE_PREFIX_PATH}:/opt/ros/humble /usr/bin/cmake --install /home/aimane/vnav/vnav_ws/src/build/two_drones_pkg
[12.888s] Level 1:colcon.colcon_core.environment:create_environment_scripts_only(two_drones_pkg)
[12.889s] DEBUG:colcon.colcon_core.event_handler.log_command:Invoked command in '/home/aimane/vnav/vnav_ws/src/build/two_drones_pkg' returned '0': CMAKE_PREFIX_PATH=${CMAKE_PREFIX_PATH}:/opt/ros/humble /usr/bin/cmake --install /home/aimane/vnav/vnav_ws/src/build/two_drones_pkg
[12.892s] Level 1:colcon.colcon_core.environment:checking '/home/aimane/vnav/vnav_ws/src/install/two_drones_pkg' for CMake module files
[12.892s] Level 1:colcon.colcon_core.environment:checking '/home/aimane/vnav/vnav_ws/src/install/two_drones_pkg' for CMake config files
[12.893s] Level 1:colcon.colcon_core.shell:create_environment_hook('two_drones_pkg', 'cmake_prefix_path')
[12.894s] INFO:colcon.colcon_core.shell:Creating environment hook '/home/aimane/vnav/vnav_ws/src/install/two_drones_pkg/share/two_drones_pkg/hook/cmake_prefix_path.ps1'
[12.895s] INFO:colcon.colcon_core.shell:Creating environment descriptor '/home/aimane/vnav/vnav_ws/src/install/two_drones_pkg/share/two_drones_pkg/hook/cmake_prefix_path.dsv'
[12.896s] INFO:colcon.colcon_core.shell:Creating environment hook '/home/aimane/vnav/vnav_ws/src/install/two_drones_pkg/share/two_drones_pkg/hook/cmake_prefix_path.sh'
[12.897s] Level 1:colcon.colcon_core.environment:checking '/home/aimane/vnav/vnav_ws/src/install/two_drones_pkg/lib'
[12.897s] Level 1:colcon.colcon_core.environment:checking '/home/aimane/vnav/vnav_ws/src/install/two_drones_pkg/bin'
[12.897s] Level 1:colcon.colcon_core.environment:checking '/home/aimane/vnav/vnav_ws/src/install/two_drones_pkg/lib/pkgconfig/two_drones_pkg.pc'
[12.897s] Level 1:colcon.colcon_core.environment:checking '/home/aimane/vnav/vnav_ws/src/install/two_drones_pkg/lib/python3.10/site-packages'
[12.898s] Level 1:colcon.colcon_core.environment:checking '/home/aimane/vnav/vnav_ws/src/install/two_drones_pkg/bin'
[12.898s] INFO:colcon.colcon_core.shell:Creating package script '/home/aimane/vnav/vnav_ws/src/install/two_drones_pkg/share/two_drones_pkg/package.ps1'
[12.899s] INFO:colcon.colcon_core.shell:Creating package descriptor '/home/aimane/vnav/vnav_ws/src/install/two_drones_pkg/share/two_drones_pkg/package.dsv'
[12.899s] INFO:colcon.colcon_core.shell:Creating package script '/home/aimane/vnav/vnav_ws/src/install/two_drones_pkg/share/two_drones_pkg/package.sh'
[12.900s] INFO:colcon.colcon_core.shell:Creating package script '/home/aimane/vnav/vnav_ws/src/install/two_drones_pkg/share/two_drones_pkg/package.bash'
[12.901s] INFO:colcon.colcon_core.shell:Creating package script '/home/aimane/vnav/vnav_ws/src/install/two_drones_pkg/share/two_drones_pkg/package.zsh'
[12.901s] Level 1:colcon.colcon_core.environment:create_file_with_runtime_dependencies(/home/aimane/vnav/vnav_ws/src/install/two_drones_pkg/share/colcon-core/packages/two_drones_pkg)
[12.902s] Level 1:colcon.colcon_core.environment:create_environment_scripts_only(two_drones_pkg)
[12.902s] Level 1:colcon.colcon_core.environment:checking '/home/aimane/vnav/vnav_ws/src/install/two_drones_pkg' for CMake module files
[12.903s] Level 1:colcon.colcon_core.environment:checking '/home/aimane/vnav/vnav_ws/src/install/two_drones_pkg' for CMake config files
[12.903s] Level 1:colcon.colcon_core.shell:create_environment_hook('two_drones_pkg', 'cmake_prefix_path')
[12.903s] INFO:colcon.colcon_core.shell:Creating environment hook '/home/aimane/vnav/vnav_ws/src/install/two_drones_pkg/share/two_drones_pkg/hook/cmake_prefix_path.ps1'
[12.906s] INFO:colcon.colcon_core.shell:Creating environment descriptor '/home/aimane/vnav/vnav_ws/src/install/two_drones_pkg/share/two_drones_pkg/hook/cmake_prefix_path.dsv'
[12.907s] INFO:colcon.colcon_core.shell:Creating environment hook '/home/aimane/vnav/vnav_ws/src/install/two_drones_pkg/share/two_drones_pkg/hook/cmake_prefix_path.sh'
[12.909s] Level 1:colcon.colcon_core.environment:checking '/home/aimane/vnav/vnav_ws/src/install/two_drones_pkg/lib'
[12.909s] Level 1:colcon.colcon_core.environment:checking '/home/aimane/vnav/vnav_ws/src/install/two_drones_pkg/bin'
[12.909s] Level 1:colcon.colcon_core.environment:checking '/home/aimane/vnav/vnav_ws/src/install/two_drones_pkg/lib/pkgconfig/two_drones_pkg.pc'
[12.909s] Level 1:colcon.colcon_core.environment:checking '/home/aimane/vnav/vnav_ws/src/install/two_drones_pkg/lib/python3.10/site-packages'
[12.909s] Level 1:colcon.colcon_core.environment:checking '/home/aimane/vnav/vnav_ws/src/install/two_drones_pkg/bin'
[12.910s] INFO:colcon.colcon_core.shell:Creating package script '/home/aimane/vnav/vnav_ws/src/install/two_drones_pkg/share/two_drones_pkg/package.ps1'
[12.911s] INFO:colcon.colcon_core.shell:Creating package descriptor '/home/aimane/vnav/vnav_ws/src/install/two_drones_pkg/share/two_drones_pkg/package.dsv'
[12.912s] INFO:colcon.colcon_core.shell:Creating package script '/home/aimane/vnav/vnav_ws/src/install/two_drones_pkg/share/two_drones_pkg/package.sh'
[12.913s] INFO:colcon.colcon_core.shell:Creating package script '/home/aimane/vnav/vnav_ws/src/install/two_drones_pkg/share/two_drones_pkg/package.bash'
[12.914s] INFO:colcon.colcon_core.shell:Creating package script '/home/aimane/vnav/vnav_ws/src/install/two_drones_pkg/share/two_drones_pkg/package.zsh'
[12.915s] Level 1:colcon.colcon_core.environment:create_file_with_runtime_dependencies(/home/aimane/vnav/vnav_ws/src/install/two_drones_pkg/share/colcon-core/packages/two_drones_pkg)
[12.916s] DEBUG:colcon.colcon_parallel_executor.executor.parallel:closing loop
[12.916s] DEBUG:colcon.colcon_parallel_executor.executor.parallel:loop closed
[12.916s] DEBUG:colcon.colcon_parallel_executor.executor.parallel:run_until_complete finished with '0'
[12.916s] DEBUG:colcon.colcon_core.event_reactor:joining thread
[12.926s] INFO:colcon.colcon_core.plugin_system:Skipping extension 'colcon_notification.desktop_notification.terminal_notifier': Not used on non-Darwin systems
[12.926s] INFO:colcon.colcon_core.plugin_system:Skipping extension 'colcon_notification.desktop_notification.win32': Not used on non-Windows systems
[12.926s] INFO:colcon.colcon_notification.desktop_notification:Sending desktop notification using 'notify2'
[12.989s] DEBUG:colcon.colcon_core.event_reactor:joined thread
[12.990s] INFO:colcon.colcon_core.shell:Creating prefix script '/home/aimane/vnav/vnav_ws/src/install/local_setup.ps1'
[12.991s] INFO:colcon.colcon_core.shell:Creating prefix util module '/home/aimane/vnav/vnav_ws/src/install/_local_setup_util_ps1.py'
[12.993s] INFO:colcon.colcon_core.shell:Creating prefix chain script '/home/aimane/vnav/vnav_ws/src/install/setup.ps1'
[12.994s] INFO:colcon.colcon_core.shell:Creating prefix script '/home/aimane/vnav/vnav_ws/src/install/local_setup.sh'
[12.995s] INFO:colcon.colcon_core.shell:Creating prefix util module '/home/aimane/vnav/vnav_ws/src/install/_local_setup_util_sh.py'
[12.995s] INFO:colcon.colcon_core.shell:Creating prefix chain script '/home/aimane/vnav/vnav_ws/src/install/setup.sh'
[12.998s] INFO:colcon.colcon_core.shell:Creating prefix script '/home/aimane/vnav/vnav_ws/src/install/local_setup.bash'
[12.999s] INFO:colcon.colcon_core.shell:Creating prefix chain script '/home/aimane/vnav/vnav_ws/src/install/setup.bash'
[13.000s] INFO:colcon.colcon_core.shell:Creating prefix script '/home/aimane/vnav/vnav_ws/src/install/local_setup.zsh'
[13.000s] INFO:colcon.colcon_core.shell:Creating prefix chain script '/home/aimane/vnav/vnav_ws/src/install/setup.zsh'
