[0.059s] Invoking command in '/home/aimane/vnav/ros_lerning_path_ws/build/learning_tf2_cpp': CMAKE_PREFIX_PATH=/opt/ros/humble /usr/bin/cmake --build /home/aimane/vnav/ros_lerning_path_ws/build/learning_tf2_cpp -- -j3 -l3
[0.100s] -- Found ament_cmake: 1.3.12 (/opt/ros/humble/share/ament_cmake/cmake)
[0.291s] -- Found geometry_msgs: 4.9.0 (/opt/ros/humble/share/geometry_msgs/cmake)
[0.455s] -- Found rosidl_generator_c: 3.1.7 (/opt/ros/humble/share/rosidl_generator_c/cmake)
[0.455s] -- Found rosidl_adapter: 3.1.7 (/opt/ros/humble/share/rosidl_adapter/cmake)
[0.455s] -- Found rosidl_generator_cpp: 3.1.7 (/opt/ros/humble/share/rosidl_generator_cpp/cmake)
[0.455s] -- Using all available rosidl_typesupport_c: rosidl_typesupport_fastrtps_c;rosidl_typesupport_introspection_c
[0.455s] -- Using all available rosidl_typesupport_cpp: rosidl_typesupport_fastrtps_cpp;rosidl_typesupport_introspection_cpp
[0.455s] -- Found rclcpp: 16.0.14 (/opt/ros/humble/share/rclcpp/cmake)
[0.455s] -- Found rmw_implementation_cmake: 6.1.2 (/opt/ros/humble/share/rmw_implementation_cmake/cmake)
[0.455s] -- Found rmw_fastrtps_cpp: 6.2.8 (/opt/ros/humble/share/rmw_fastrtps_cpp/cmake)
[0.573s] -- Using RMW implementation 'rmw_fastrtps_cpp' as default
[0.625s] -- Found tf2: 0.25.16 (/opt/ros/humble/share/tf2/cmake)
[0.645s] -- Found tf2_ros: 0.25.16 (/opt/ros/humble/share/tf2_ros/cmake)
[0.749s] -- Found turtlesim: 1.4.2 (/opt/ros/humble/share/turtlesim/cmake)
[0.756s] [31mCMake Error at /opt/ros/humble/share/ament_cmake_target_dependencies/cmake/ament_target_dependencies.cmake:77 (message):
[0.756s]   ament_target_dependencies() the passed package name
[0.756s]   'static_turtle_tf2_broadcaster' was not found before
[0.757s] Call Stack (most recent call first):
[0.757s]   CMakeLists.txt:18 (ament_target_dependencies)
[0.757s] 
[0.757s] [0m
[0.757s] -- Configuring incomplete, errors occurred!
[0.757s] See also "/home/aimane/vnav/ros_lerning_path_ws/build/learning_tf2_cpp/CMakeFiles/CMakeOutput.log".
[0.772s] gmake: *** [Makefile:267: cmake_check_build_system] Error 1
[0.781s] Invoked command in '/home/aimane/vnav/ros_lerning_path_ws/build/learning_tf2_cpp' returned '2': CMAKE_PREFIX_PATH=/opt/ros/humble /usr/bin/cmake --build /home/aimane/vnav/ros_lerning_path_ws/build/learning_tf2_cpp -- -j3 -l3
