[0.037s] Invoking command in '/home/aimane/vnav/vnav_ws/src/build/two_drones_pkg': CMAKE_PREFIX_PATH=${CMAKE_PREFIX_PATH}:/opt/ros/humble /usr/bin/cmake /home/aimane/vnav/vnav_ws/src/two_drones_pkg -DAMENT_CMAKE_SYMLINK_INSTALL=1 -DCMAKE_INSTALL_PREFIX=/home/aimane/vnav/vnav_ws/src/install/two_drones_pkg
[0.172s] -- The C compiler identification is GNU 11.4.0
[0.271s] -- The CXX compiler identification is GNU 11.4.0
[0.284s] -- Detecting C compiler ABI info
[0.427s] -- Detecting C compiler ABI info - done
[0.438s] -- Check for working C compiler: /usr/bin/cc - skipped
[0.438s] -- Detecting C compile features
[0.454s] -- Detecting C compile features - done
[0.454s] -- Detecting CXX compiler ABI info
[0.602s] -- Detecting CXX compiler ABI info - done
[0.613s] -- Check for working CXX compiler: /usr/bin/c++ - skipped
[0.613s] -- Detecting CXX compile features
[0.613s] -- Detecting CXX compile features - done
[0.618s] -- Found ament_cmake: 1.3.12 (/opt/ros/humble/share/ament_cmake/cmake)
[0.849s] -- Found Python3: /usr/bin/python3 (found version "3.10.12") found components: Interpreter 
[0.934s] -- Override CMake install command with custom implementation using symlinks instead of copying resources
[1.115s] -- Found rclcpp: 16.0.14 (/opt/ros/humble/share/rclcpp/cmake)
[1.190s] -- Found rosidl_generator_c: 3.1.7 (/opt/ros/humble/share/rosidl_generator_c/cmake)
[1.190s] -- Found rosidl_adapter: 3.1.7 (/opt/ros/humble/share/rosidl_adapter/cmake)
[1.197s] -- Found rosidl_generator_cpp: 3.1.7 (/opt/ros/humble/share/rosidl_generator_cpp/cmake)
[1.214s] -- Using all available rosidl_typesupport_c: rosidl_typesupport_fastrtps_c;rosidl_typesupport_introspection_c
[1.236s] -- Using all available rosidl_typesupport_cpp: rosidl_typesupport_fastrtps_cpp;rosidl_typesupport_introspection_cpp
[1.291s] -- Found rmw_implementation_cmake: 6.1.2 (/opt/ros/humble/share/rmw_implementation_cmake/cmake)
[1.294s] -- Found rmw_fastrtps_cpp: 6.2.8 (/opt/ros/humble/share/rmw_fastrtps_cpp/cmake)
[1.510s] -- Found OpenSSL: /usr/lib/x86_64-linux-gnu/libcrypto.so (found version "3.0.2")  
[1.554s] -- Found FastRTPS: /opt/ros/humble/include  
[1.617s] -- Using RMW implementation 'rmw_fastrtps_cpp' as default
[1.628s] -- Looking for pthread.h
[1.803s] -- Looking for pthread.h - found
[1.804s] -- Performing Test CMAKE_HAVE_LIBC_PTHREAD
[1.936s] -- Performing Test CMAKE_HAVE_LIBC_PTHREAD - Success
[1.938s] -- Found Threads: TRUE  
[2.015s] -- Found geometry_msgs: 4.9.0 (/opt/ros/humble/share/geometry_msgs/cmake)
[2.054s] -- Found visualization_msgs: 4.9.0 (/opt/ros/humble/share/visualization_msgs/cmake)
[2.190s] -- Found tf2: 0.25.16 (/opt/ros/humble/share/tf2/cmake)
[2.206s] -- Found tf2_ros: 0.25.16 (/opt/ros/humble/share/tf2_ros/cmake)
[2.451s] -- Configuring done
[2.475s] -- Generating done
[2.484s] -- Build files have been written to: /home/aimane/vnav/vnav_ws/src/build/two_drones_pkg
[2.512s] Invoked command in '/home/aimane/vnav/vnav_ws/src/build/two_drones_pkg' returned '0': CMAKE_PREFIX_PATH=${CMAKE_PREFIX_PATH}:/opt/ros/humble /usr/bin/cmake /home/aimane/vnav/vnav_ws/src/two_drones_pkg -DAMENT_CMAKE_SYMLINK_INSTALL=1 -DCMAKE_INSTALL_PREFIX=/home/aimane/vnav/vnav_ws/src/install/two_drones_pkg
[2.512s] Invoking command in '/home/aimane/vnav/vnav_ws/src/build/two_drones_pkg': CMAKE_PREFIX_PATH=${CMAKE_PREFIX_PATH}:/opt/ros/humble /usr/bin/cmake --build /home/aimane/vnav/vnav_ws/src/build/two_drones_pkg -- -j3 -l3
[2.633s] [ 25%] [32mBuilding CXX object CMakeFiles/plots_publisher_node.dir/src/plots_publisher_node.cpp.o[0m
[2.634s] [ 50%] [32mBuilding CXX object CMakeFiles/frames_publisher_node.dir/src/frames_publisher_node.cpp.o[0m
[7.731s] [ 75%] [32m[1mLinking CXX executable frames_publisher_node[0m
[8.191s] [ 75%] Built target frames_publisher_node
[11.430s] [100%] [32m[1mLinking CXX executable plots_publisher_node[0m
[11.972s] [100%] Built target plots_publisher_node
[12.006s] Invoked command in '/home/aimane/vnav/vnav_ws/src/build/two_drones_pkg' returned '0': CMAKE_PREFIX_PATH=${CMAKE_PREFIX_PATH}:/opt/ros/humble /usr/bin/cmake --build /home/aimane/vnav/vnav_ws/src/build/two_drones_pkg -- -j3 -l3
[12.038s] Invoking command in '/home/aimane/vnav/vnav_ws/src/build/two_drones_pkg': CMAKE_PREFIX_PATH=${CMAKE_PREFIX_PATH}:/opt/ros/humble /usr/bin/cmake --install /home/aimane/vnav/vnav_ws/src/build/two_drones_pkg
[12.051s] -- Install configuration: ""
[12.054s] -- Execute custom install script
[12.054s] -- Symlinking: /home/aimane/vnav/vnav_ws/src/install/two_drones_pkg/lib/two_drones_pkg/frames_publisher_node
[12.070s] -- Symlinking: /home/aimane/vnav/vnav_ws/src/install/two_drones_pkg/lib/two_drones_pkg/plots_publisher_node
[12.100s] -- Symlinking: /home/aimane/vnav/vnav_ws/src/install/two_drones_pkg/share/two_drones_pkg/mesh/quadrotor.dae
[12.103s] -- Symlinking: /home/aimane/vnav/vnav_ws/src/install/two_drones_pkg/share/two_drones_pkg/launch/two_drones.launch.yaml
[12.119s] -- Symlinking: /home/aimane/vnav/vnav_ws/src/install/two_drones_pkg/share/two_drones_pkg/config/default.rviz
[12.134s] -- Symlinking: /home/aimane/vnav/vnav_ws/src/install/two_drones_pkg/share/ament_index/resource_index/package_run_dependencies/two_drones_pkg
[12.149s] -- Symlinking: /home/aimane/vnav/vnav_ws/src/install/two_drones_pkg/share/ament_index/resource_index/parent_prefix_path/two_drones_pkg
[12.166s] -- Symlinking: /home/aimane/vnav/vnav_ws/src/install/two_drones_pkg/share/two_drones_pkg/environment/ament_prefix_path.sh
[12.192s] -- Symlinking: /home/aimane/vnav/vnav_ws/src/install/two_drones_pkg/share/two_drones_pkg/environment/ament_prefix_path.dsv
[12.207s] -- Symlinking: /home/aimane/vnav/vnav_ws/src/install/two_drones_pkg/share/two_drones_pkg/environment/path.sh
[12.220s] -- Symlinking: /home/aimane/vnav/vnav_ws/src/install/two_drones_pkg/share/two_drones_pkg/environment/path.dsv
[12.238s] -- Symlinking: /home/aimane/vnav/vnav_ws/src/install/two_drones_pkg/share/two_drones_pkg/local_setup.bash
[12.253s] -- Symlinking: /home/aimane/vnav/vnav_ws/src/install/two_drones_pkg/share/two_drones_pkg/local_setup.sh
[12.270s] -- Symlinking: /home/aimane/vnav/vnav_ws/src/install/two_drones_pkg/share/two_drones_pkg/local_setup.zsh
[12.301s] -- Symlinking: /home/aimane/vnav/vnav_ws/src/install/two_drones_pkg/share/two_drones_pkg/local_setup.dsv
[12.307s] -- Symlinking: /home/aimane/vnav/vnav_ws/src/install/two_drones_pkg/share/two_drones_pkg/package.dsv
[12.323s] -- Symlinking: /home/aimane/vnav/vnav_ws/src/install/two_drones_pkg/share/ament_index/resource_index/packages/two_drones_pkg
[12.337s] -- Symlinking: /home/aimane/vnav/vnav_ws/src/install/two_drones_pkg/share/two_drones_pkg/cmake/two_drones_pkgConfig.cmake
[12.351s] -- Symlinking: /home/aimane/vnav/vnav_ws/src/install/two_drones_pkg/share/two_drones_pkg/cmake/two_drones_pkgConfig-version.cmake
[12.367s] -- Symlinking: /home/aimane/vnav/vnav_ws/src/install/two_drones_pkg/share/two_drones_pkg/package.xml
[12.397s] Invoked command in '/home/aimane/vnav/vnav_ws/src/build/two_drones_pkg' returned '0': CMAKE_PREFIX_PATH=${CMAKE_PREFIX_PATH}:/opt/ros/humble /usr/bin/cmake --install /home/aimane/vnav/vnav_ws/src/build/two_drones_pkg
