[0.025s] Invoking command in '/home/aimane/vnav/vnav_ws/src/build/two_drones_pkg': CMAKE_PREFIX_PATH=${CMAKE_PREFIX_PATH}:/opt/ros/humble /usr/bin/cmake --build /home/aimane/vnav/vnav_ws/src/build/two_drones_pkg -- -j3 -l3
[0.132s] [35m[1mConsolidate compiler generated dependencies of target plots_publisher_node[0m
[0.158s] [ 50%] Built target frames_publisher_node
[0.165s] [ 75%] [32mBuilding CXX object CMakeFiles/plots_publisher_node.dir/src/plots_publisher_node.cpp.o[0m
[6.869s] [100%] [32m[1mLinking CXX executable plots_publisher_node[0m
[7.987s] [100%] Built target plots_publisher_node
[8.013s] Invoked command in '/home/aimane/vnav/vnav_ws/src/build/two_drones_pkg' returned '0': CMAKE_PREFIX_PATH=${CMAKE_PREFIX_PATH}:/opt/ros/humble /usr/bin/cmake --build /home/aimane/vnav/vnav_ws/src/build/two_drones_pkg -- -j3 -l3
[8.030s] Invoking command in '/home/aimane/vnav/vnav_ws/src/build/two_drones_pkg': CMAKE_PREFIX_PATH=${CMAKE_PREFIX_PATH}:/opt/ros/humble /usr/bin/cmake --install /home/aimane/vnav/vnav_ws/src/build/two_drones_pkg
[8.045s] -- Install configuration: ""
[8.045s] -- Execute custom install script
[8.045s] -- Up-to-date symlink: /home/aimane/vnav/vnav_ws/src/install/two_drones_pkg/lib/two_drones_pkg/frames_publisher_node
[8.045s] -- Up-to-date symlink: /home/aimane/vnav/vnav_ws/src/install/two_drones_pkg/lib/two_drones_pkg/plots_publisher_node
[8.045s] -- Up-to-date symlink: /home/aimane/vnav/vnav_ws/src/install/two_drones_pkg/share/two_drones_pkg/mesh/quadrotor.dae
[8.045s] -- Up-to-date symlink: /home/aimane/vnav/vnav_ws/src/install/two_drones_pkg/share/two_drones_pkg/launch/two_drones.launch.yaml
[8.045s] -- Up-to-date symlink: /home/aimane/vnav/vnav_ws/src/install/two_drones_pkg/share/two_drones_pkg/config/default.rviz
[8.045s] -- Up-to-date symlink: /home/aimane/vnav/vnav_ws/src/install/two_drones_pkg/share/ament_index/resource_index/package_run_dependencies/two_drones_pkg
[8.045s] -- Up-to-date symlink: /home/aimane/vnav/vnav_ws/src/install/two_drones_pkg/share/ament_index/resource_index/parent_prefix_path/two_drones_pkg
[8.046s] -- Up-to-date symlink: /home/aimane/vnav/vnav_ws/src/install/two_drones_pkg/share/two_drones_pkg/environment/ament_prefix_path.sh
[8.046s] -- Up-to-date symlink: /home/aimane/vnav/vnav_ws/src/install/two_drones_pkg/share/two_drones_pkg/environment/ament_prefix_path.dsv
[8.046s] -- Up-to-date symlink: /home/aimane/vnav/vnav_ws/src/install/two_drones_pkg/share/two_drones_pkg/environment/path.sh
[8.046s] -- Up-to-date symlink: /home/aimane/vnav/vnav_ws/src/install/two_drones_pkg/share/two_drones_pkg/environment/path.dsv
[8.047s] -- Up-to-date symlink: /home/aimane/vnav/vnav_ws/src/install/two_drones_pkg/share/two_drones_pkg/local_setup.bash
[8.047s] -- Up-to-date symlink: /home/aimane/vnav/vnav_ws/src/install/two_drones_pkg/share/two_drones_pkg/local_setup.sh
[8.047s] -- Up-to-date symlink: /home/aimane/vnav/vnav_ws/src/install/two_drones_pkg/share/two_drones_pkg/local_setup.zsh
[8.047s] -- Up-to-date symlink: /home/aimane/vnav/vnav_ws/src/install/two_drones_pkg/share/two_drones_pkg/local_setup.dsv
[8.047s] -- Symlinking: /home/aimane/vnav/vnav_ws/src/install/two_drones_pkg/share/two_drones_pkg/package.dsv
[8.063s] -- Up-to-date symlink: /home/aimane/vnav/vnav_ws/src/install/two_drones_pkg/share/ament_index/resource_index/packages/two_drones_pkg
[8.064s] -- Up-to-date symlink: /home/aimane/vnav/vnav_ws/src/install/two_drones_pkg/share/two_drones_pkg/cmake/two_drones_pkgConfig.cmake
[8.064s] -- Up-to-date symlink: /home/aimane/vnav/vnav_ws/src/install/two_drones_pkg/share/two_drones_pkg/cmake/two_drones_pkgConfig-version.cmake
[8.064s] -- Up-to-date symlink: /home/aimane/vnav/vnav_ws/src/install/two_drones_pkg/share/two_drones_pkg/package.xml
[8.070s] Invoked command in '/home/aimane/vnav/vnav_ws/src/build/two_drones_pkg' returned '0': CMAKE_PREFIX_PATH=${CMAKE_PREFIX_PATH}:/opt/ros/humble /usr/bin/cmake --install /home/aimane/vnav/vnav_ws/src/build/two_drones_pkg
