[0.024s] Invoking command in '/home/aimane/vnav/vnav_ws/src/build/two_drones_pkg': CMAKE_PREFIX_PATH=${CMAKE_PREFIX_PATH}:/opt/ros/humble /usr/bin/cmake --build /home/aimane/vnav/vnav_ws/src/build/two_drones_pkg -- -j3 -l3
[0.111s] [35m[1mConsolidate compiler generated dependencies of target frames_publisher_node[0m
[0.142s] [ 50%] Built target plots_publisher_node
[0.143s] [ 75%] [32mBuilding CXX object CMakeFiles/frames_publisher_node.dir/src/frames_publisher_node.cpp.o[0m
[6.407s] [100%] [32m[1mLinking CXX executable frames_publisher_node[0m
[7.200s] [100%] Built target frames_publisher_node
[7.227s] Invoked command in '/home/aimane/vnav/vnav_ws/src/build/two_drones_pkg' returned '0': CMAKE_PREFIX_PATH=${CMAKE_PREFIX_PATH}:/opt/ros/humble /usr/bin/cmake --build /home/aimane/vnav/vnav_ws/src/build/two_drones_pkg -- -j3 -l3
[7.244s] Invoking command in '/home/aimane/vnav/vnav_ws/src/build/two_drones_pkg': CMAKE_PREFIX_PATH=${CMAKE_PREFIX_PATH}:/opt/ros/humble /usr/bin/cmake --install /home/aimane/vnav/vnav_ws/src/build/two_drones_pkg
[7.258s] -- Install configuration: ""
[7.258s] -- Execute custom install script
[7.258s] -- Up-to-date symlink: /home/aimane/vnav/vnav_ws/src/install/two_drones_pkg/lib/two_drones_pkg/frames_publisher_node
[7.258s] -- Up-to-date symlink: /home/aimane/vnav/vnav_ws/src/install/two_drones_pkg/lib/two_drones_pkg/plots_publisher_node
[7.259s] -- Up-to-date symlink: /home/aimane/vnav/vnav_ws/src/install/two_drones_pkg/share/two_drones_pkg/mesh/quadrotor.dae
[7.259s] -- Up-to-date symlink: /home/aimane/vnav/vnav_ws/src/install/two_drones_pkg/share/two_drones_pkg/launch/two_drones.launch.yaml
[7.259s] -- Up-to-date symlink: /home/aimane/vnav/vnav_ws/src/install/two_drones_pkg/share/two_drones_pkg/config/default.rviz
[7.260s] -- Up-to-date symlink: /home/aimane/vnav/vnav_ws/src/install/two_drones_pkg/share/ament_index/resource_index/package_run_dependencies/two_drones_pkg
[7.325s] -- Up-to-date symlink: /home/aimane/vnav/vnav_ws/src/install/two_drones_pkg/share/ament_index/resource_index/parent_prefix_path/two_drones_pkg
[7.326s] -- Up-to-date symlink: /home/aimane/vnav/vnav_ws/src/install/two_drones_pkg/share/two_drones_pkg/environment/ament_prefix_path.sh
[7.326s] -- Up-to-date symlink: /home/aimane/vnav/vnav_ws/src/install/two_drones_pkg/share/two_drones_pkg/environment/ament_prefix_path.dsv
[7.326s] -- Up-to-date symlink: /home/aimane/vnav/vnav_ws/src/install/two_drones_pkg/share/two_drones_pkg/environment/path.sh
[7.326s] -- Up-to-date symlink: /home/aimane/vnav/vnav_ws/src/install/two_drones_pkg/share/two_drones_pkg/environment/path.dsv
[7.326s] -- Up-to-date symlink: /home/aimane/vnav/vnav_ws/src/install/two_drones_pkg/share/two_drones_pkg/local_setup.bash
[7.326s] -- Up-to-date symlink: /home/aimane/vnav/vnav_ws/src/install/two_drones_pkg/share/two_drones_pkg/local_setup.sh
[7.327s] -- Up-to-date symlink: /home/aimane/vnav/vnav_ws/src/install/two_drones_pkg/share/two_drones_pkg/local_setup.zsh
[7.327s] -- Up-to-date symlink: /home/aimane/vnav/vnav_ws/src/install/two_drones_pkg/share/two_drones_pkg/local_setup.dsv
[7.327s] -- Symlinking: /home/aimane/vnav/vnav_ws/src/install/two_drones_pkg/share/two_drones_pkg/package.dsv
[7.357s] -- Up-to-date symlink: /home/aimane/vnav/vnav_ws/src/install/two_drones_pkg/share/ament_index/resource_index/packages/two_drones_pkg
[7.358s] -- Up-to-date symlink: /home/aimane/vnav/vnav_ws/src/install/two_drones_pkg/share/two_drones_pkg/cmake/two_drones_pkgConfig.cmake
[7.359s] -- Up-to-date symlink: /home/aimane/vnav/vnav_ws/src/install/two_drones_pkg/share/two_drones_pkg/cmake/two_drones_pkgConfig-version.cmake
[7.359s] -- Up-to-date symlink: /home/aimane/vnav/vnav_ws/src/install/two_drones_pkg/share/two_drones_pkg/package.xml
[7.360s] Invoked command in '/home/aimane/vnav/vnav_ws/src/build/two_drones_pkg' returned '0': CMAKE_PREFIX_PATH=${CMAKE_PREFIX_PATH}:/opt/ros/humble /usr/bin/cmake --install /home/aimane/vnav/vnav_ws/src/build/two_drones_pkg
