[0.013s] Invoking command in '/home/aimane/vnav/ros_lerning_path_ws/build/learning_tf2_cpp': CMAKE_PREFIX_PATH=${CMAKE_PREFIX_PATH}:/opt/ros/humble /usr/bin/cmake --build /home/aimane/vnav/ros_lerning_path_ws/build/learning_tf2_cpp -- -j3 -l3
[0.071s] -- Found ament_cmake: 1.3.12 (/opt/ros/humble/share/ament_cmake/cmake)
[0.243s] -- Found geometry_msgs: 4.9.0 (/opt/ros/humble/share/geometry_msgs/cmake)
[0.271s] -- Found rosidl_generator_c: 3.1.7 (/opt/ros/humble/share/rosidl_generator_c/cmake)
[0.275s] -- Found rosidl_adapter: 3.1.7 (/opt/ros/humble/share/rosidl_adapter/cmake)
[0.282s] -- Found rosidl_generator_cpp: 3.1.7 (/opt/ros/humble/share/rosidl_generator_cpp/cmake)
[0.295s] -- Using all available rosidl_typesupport_c: rosidl_typesupport_fastrtps_c;rosidl_typesupport_introspection_c
[0.315s] -- Using all available rosidl_typesupport_cpp: rosidl_typesupport_fastrtps_cpp;rosidl_typesupport_introspection_cpp
[0.367s] -- Found rclcpp: 16.0.14 (/opt/ros/humble/share/rclcpp/cmake)
[0.397s] -- Found rmw_implementation_cmake: 6.1.2 (/opt/ros/humble/share/rmw_implementation_cmake/cmake)
[0.398s] -- Found rmw_fastrtps_cpp: 6.2.8 (/opt/ros/humble/share/rmw_fastrtps_cpp/cmake)
[0.547s] -- Using RMW implementation 'rmw_fastrtps_cpp' as default
[0.603s] -- Found tf2: 0.25.16 (/opt/ros/humble/share/tf2/cmake)
[0.607s] -- Found tf2_ros: 0.25.16 (/opt/ros/humble/share/tf2_ros/cmake)
[0.716s] -- Found turtlesim: 1.4.2 (/opt/ros/humble/share/turtlesim/cmake)
[0.737s] -- Found ament_lint_auto: 0.12.14 (/opt/ros/humble/share/ament_lint_auto/cmake)
[0.831s] -- Added test 'cppcheck' to perform static code analysis on C / C++ code
[0.832s] -- Configured cppcheck include dirs: 
[0.832s] -- Configured cppcheck exclude dirs and/or files: 
[0.832s] -- Added test 'lint_cmake' to check CMake code style
[0.834s] -- Added test 'uncrustify' to check C / C++ code style
[0.834s] -- Configured uncrustify additional arguments: 
[0.837s] -- Added test 'xmllint' to check XML markup files
[0.837s] -- Configuring done
[0.858s] -- Generating done
[0.869s] -- Build files have been written to: /home/aimane/vnav/ros_lerning_path_ws/build/learning_tf2_cpp
[0.958s] [ 50%] [32mBuilding CXX object CMakeFiles/static_turtle_tf2_broadcaster.dir/src/static_turtle_tf2_broadcaster.cpp.o[0m
[9.037s] [100%] [32m[1mLinking CXX executable static_turtle_tf2_broadcaster[0m
[9.471s] [100%] Built target static_turtle_tf2_broadcaster
[9.492s] Invoked command in '/home/aimane/vnav/ros_lerning_path_ws/build/learning_tf2_cpp' returned '0': CMAKE_PREFIX_PATH=${CMAKE_PREFIX_PATH}:/opt/ros/humble /usr/bin/cmake --build /home/aimane/vnav/ros_lerning_path_ws/build/learning_tf2_cpp -- -j3 -l3
[9.509s] Invoking command in '/home/aimane/vnav/ros_lerning_path_ws/build/learning_tf2_cpp': CMAKE_PREFIX_PATH=${CMAKE_PREFIX_PATH}:/opt/ros/humble /usr/bin/cmake --install /home/aimane/vnav/ros_lerning_path_ws/build/learning_tf2_cpp
[9.524s] -- Install configuration: ""
[9.524s] -- Installing: /home/aimane/vnav/ros_lerning_path_ws/install/learning_tf2_cpp/lib/learning_tf2_cpp/static_turtle_tf2_broadcaster
[9.524s] -- Set runtime path of "/home/aimane/vnav/ros_lerning_path_ws/install/learning_tf2_cpp/lib/learning_tf2_cpp/static_turtle_tf2_broadcaster" to ""
[9.524s] -- Up-to-date: /home/aimane/vnav/ros_lerning_path_ws/install/learning_tf2_cpp/share/ament_index/resource_index/package_run_dependencies/learning_tf2_cpp
[9.524s] -- Installing: /home/aimane/vnav/ros_lerning_path_ws/install/learning_tf2_cpp/share/ament_index/resource_index/parent_prefix_path/learning_tf2_cpp
[9.524s] -- Up-to-date: /home/aimane/vnav/ros_lerning_path_ws/install/learning_tf2_cpp/share/learning_tf2_cpp/environment/ament_prefix_path.sh
[9.524s] -- Installing: /home/aimane/vnav/ros_lerning_path_ws/install/learning_tf2_cpp/share/learning_tf2_cpp/environment/ament_prefix_path.dsv
[9.525s] -- Up-to-date: /home/aimane/vnav/ros_lerning_path_ws/install/learning_tf2_cpp/share/learning_tf2_cpp/environment/path.sh
[9.525s] -- Installing: /home/aimane/vnav/ros_lerning_path_ws/install/learning_tf2_cpp/share/learning_tf2_cpp/environment/path.dsv
[9.525s] -- Up-to-date: /home/aimane/vnav/ros_lerning_path_ws/install/learning_tf2_cpp/share/learning_tf2_cpp/local_setup.bash
[9.525s] -- Up-to-date: /home/aimane/vnav/ros_lerning_path_ws/install/learning_tf2_cpp/share/learning_tf2_cpp/local_setup.sh
[9.525s] -- Up-to-date: /home/aimane/vnav/ros_lerning_path_ws/install/learning_tf2_cpp/share/learning_tf2_cpp/local_setup.zsh
[9.525s] -- Installing: /home/aimane/vnav/ros_lerning_path_ws/install/learning_tf2_cpp/share/learning_tf2_cpp/local_setup.dsv
[9.525s] -- Installing: /home/aimane/vnav/ros_lerning_path_ws/install/learning_tf2_cpp/share/learning_tf2_cpp/package.dsv
[9.525s] -- Up-to-date: /home/aimane/vnav/ros_lerning_path_ws/install/learning_tf2_cpp/share/ament_index/resource_index/packages/learning_tf2_cpp
[9.525s] -- Up-to-date: /home/aimane/vnav/ros_lerning_path_ws/install/learning_tf2_cpp/share/learning_tf2_cpp/cmake/learning_tf2_cppConfig.cmake
[9.525s] -- Up-to-date: /home/aimane/vnav/ros_lerning_path_ws/install/learning_tf2_cpp/share/learning_tf2_cpp/cmake/learning_tf2_cppConfig-version.cmake
[9.526s] -- Up-to-date: /home/aimane/vnav/ros_lerning_path_ws/install/learning_tf2_cpp/share/learning_tf2_cpp/package.xml
[9.530s] Invoked command in '/home/aimane/vnav/ros_lerning_path_ws/build/learning_tf2_cpp' returned '0': CMAKE_PREFIX_PATH=${CMAKE_PREFIX_PATH}:/opt/ros/humble /usr/bin/cmake --install /home/aimane/vnav/ros_lerning_path_ws/build/learning_tf2_cpp
